<?xml version="1.0" encoding="UTF-8"?>
<!-- Generated by org.testng.reporters.JUnitXMLReporter -->
<testsuite ignored="0" hostname="MD-NBW-0095" failures="0" tests="3" name="UnitTesting-master" time="0.046" errors="0" timestamp="2023-11-30T00:29:40 EET">
  <testcase classname="TestNG.MyDemoTest" name="setup" time="0.006"/>
  <testcase classname="TestNG.MyDemoTest" name="testSteps" time="0.0"/>
  <testcase classname="TestNG.MyDemoTest" name="tierDown" time="0.001"/>
</testsuite> <!-- UnitTesting-master -->
