<?xml version="1.0" encoding="UTF-8"?>
<testng-results ignored="0" total="3" passed="3" failed="0" skipped="0">
  <reporter-output>
  </reporter-output>
  <suite started-at="2023-11-30T00:29:40 EET" name="Default Suite" finished-at="2023-11-30T00:29:40 EET" duration-ms="46">
    <groups>
    </groups>
    <test started-at="2023-11-30T00:29:40 EET" name="UnitTesting-master" finished-at="2023-11-30T00:29:40 EET" duration-ms="46">
      <class name="TestNG.MyDemoTest">
        <test-method signature="setup()[pri:0, instance:TestNG.MyDemoTest@57576994]" started-at="2023-11-30T00:29:40 EET" name="setup" finished-at="2023-11-30T00:29:40 EET" duration-ms="6" status="PASS">
          <reporter-output>
          </reporter-output>
        </test-method> <!-- setup -->
        <test-method signature="testSteps()[pri:0, instance:TestNG.MyDemoTest@57576994]" started-at="2023-11-30T00:29:40 EET" name="testSteps" finished-at="2023-11-30T00:29:40 EET" duration-ms="0" status="PASS">
          <reporter-output>
          </reporter-output>
        </test-method> <!-- testSteps -->
        <test-method signature="tierDown()[pri:0, instance:TestNG.MyDemoTest@57576994]" started-at="2023-11-30T00:29:40 EET" name="tierDown" finished-at="2023-11-30T00:29:40 EET" duration-ms="1" status="PASS">
          <reporter-output>
          </reporter-output>
        </test-method> <!-- tierDown -->
      </class> <!-- TestNG.MyDemoTest -->
    </test> <!-- UnitTesting-master -->
  </suite> <!-- Default Suite -->
</testng-results>
